<?xml version="1.0" encoding="UTF-8"?>
<robot generator="Robot 7.2.2 (Python 3.13.2 on win32)" generated="2025-03-17T23:49:04.118597" rpa="false" schemaversion="5">
<suite id="s1" name="Importdata-Csv" source="D:\Robot\Automate-with-robot-selenium-Training\all file\Test CSV data\importdata-csv.robot">
<test id="s1-t1" name="Read csv file to a dict example test" line="32">
<kw name="CSV to Dictionary">
<kw name="Read Csv File To Associative" owner="CSVLibrary">
<msg time="2025-03-17T23:49:04.445355" level="INFO">@{dict} = [ {'Username': 'yun1', 'Password': 'pass1'} | {'Username': 'yun2', 'Password': 'pass2'} ]</msg>
<var>@{dict}</var>
<arg>data.csv</arg>
<doc>Read CSV file and return its content as a Python list of dictionaries.</doc>
<status status="PASS" start="2025-03-17T23:49:04.444985" elapsed="0.000407"/>
</kw>
<kw name="Log To Console" owner="BuiltIn">
<arg>Dictionary</arg>
<doc>Logs the given message to the console.</doc>
<status status="PASS" start="2025-03-17T23:49:04.445512" elapsed="0.000230"/>
</kw>
<kw name="Log To Console" owner="BuiltIn">
<arg>${dict[0].Username}</arg>
<doc>Logs the given message to the console.</doc>
<status status="PASS" start="2025-03-17T23:49:04.445868" elapsed="0.000503"/>
</kw>
<kw name="Log To Console" owner="BuiltIn">
<arg>${dict[0].Password}</arg>
<doc>Logs the given message to the console.</doc>
<status status="PASS" start="2025-03-17T23:49:04.446491" elapsed="0.000483"/>
</kw>
<status status="PASS" start="2025-03-17T23:49:04.444388" elapsed="0.002682"/>
</kw>
<status status="PASS" start="2025-03-17T23:49:04.443865" elapsed="0.003404"/>
</test>
<status status="PASS" start="2025-03-17T23:49:04.119732" elapsed="0.328226"/>
</suite>
<statistics>
<total>
<stat pass="1" fail="0" skip="0">All Tests</stat>
</total>
<tag>
</tag>
<suite>
<stat name="Importdata-Csv" id="s1" pass="1" fail="0" skip="0">Importdata-Csv</stat>
</suite>
</statistics>
<errors>
</errors>
</robot>
